<?xml version="1.0" encoding="UTF-8"?>
<testng-results ignored="0" total="1" passed="1" failed="0" skipped="0">
  <reporter-output>
  </reporter-output>
  <suite started-at="2022-06-02T17:33:20 IST" name="Default suite" finished-at="2022-06-02T17:33:28 IST" duration-ms="8036">
    <groups>
    </groups>
    <test started-at="2022-06-02T17:33:20 IST" name="Default test" finished-at="2022-06-02T17:33:28 IST" duration-ms="8036">
      <class name="com.automation.tests.LoginTest">
        <test-method is-config="true" signature="setUp()[pri:0, instance:com.automation.tests.LoginTest@1b6e1eff]" started-at="2022-06-02T17:33:20 IST" name="setUp" finished-at="2022-06-02T17:33:25 IST" duration-ms="4519" status="PASS">
          <reporter-output>
          </reporter-output>
        </test-method> <!-- setUp -->
        <test-method signature="verifyUserCanLogin()[pri:0, instance:com.automation.tests.LoginTest@1b6e1eff]" started-at="2022-06-02T17:33:25 IST" name="verifyUserCanLogin" finished-at="2022-06-02T17:33:27 IST" duration-ms="1999" status="PASS">
          <reporter-output>
          </reporter-output>
        </test-method> <!-- verifyUserCanLogin -->
        <test-method is-config="true" signature="cleanUp()[pri:0, instance:com.automation.tests.LoginTest@1b6e1eff]" started-at="2022-06-02T17:33:27 IST" name="cleanUp" finished-at="2022-06-02T17:33:28 IST" duration-ms="1331" status="PASS">
          <reporter-output>
          </reporter-output>
        </test-method> <!-- cleanUp -->
      </class> <!-- com.automation.tests.LoginTest -->
    </test> <!-- Default test -->
  </suite> <!-- Default suite -->
</testng-results>
